<?xml version="1.0" encoding="UTF-8"?>
<!-- Generated by org.testng.reporters.JUnitReportReporter -->
<testsuite skipped="0" hostname="INRithvikReddys-MacBook-Pro.local" name="Test1" tests="1" failures="0" timestamp="09 Dec 2019 06:38:32 GMT" time="5.624" errors="0">
  <testcase name="login" time="5.624" classname="Test1"/>
</testsuite> <!-- Test1 -->
